#
# A fatal error has been detected by the Java Runtime Environment:
#
#  EXCEPTION_ACCESS_VIOLATION (0xc0000005) at pc=0x00007ffe666a4c09, pid=12536, tid=1504
#
# JRE version: Java(TM) SE Runtime Environment (17.0.12+8) (build 17.0.12+8-LTS-286)
# Java VM: Java HotSpot(TM) 64-Bit Server VM (17.0.12+8-LTS-286, mixed mode, emulated-client, sharing, tiered, compressed oops, compressed class ptrs, g1 gc, windows-amd64)
# Problematic frame:
# V  [jvm.dll+0x304c09]
#
# No core dump will be written. Minidumps are not enabled by default on client versions of Windows
#
# If you would like to submit a bug report, please visit:
#   https://bugreport.java.com/bugreport/crash.jsp
#

---------------  S U M M A R Y ------------

Command Line: -Dcom.sun.management.jmxremote -Dcom.sun.management.jmxremote.port=52453 -Dcom.sun.management.jmxremote.authenticate=false -Dcom.sun.management.jmxremote.ssl=false -Djava.rmi.server.hostname=localhost -Dspring.jmx.enabled=true -Dmanagement.endpoints.jmx.exposure.include=* -Dspring.application.admin.enabled=true -XX:TieredStopAtLevel=1 -Dspring.boot.project.name=SchoolManagementSystem -Dfile.encoding=UTF-8 -Dstdout.encoding=UTF-8 -Dstderr.encoding=UTF-8 -XX:+ShowCodeDetailsInExceptionMessages com.School.SchoolManagementSystemApplication --spring.output.ansi.enabled=always

Host: Intel(R) Core(TM) i5-5300U CPU @ 2.30GHz, 4 cores, 7G,  Windows 10 , 64 bit Build 19041 (10.0.19041.4597)
Time: Tue Jul 30 16:43:49 2024 India Standard Time elapsed time: 10004.339279 seconds (0d 2h 46m 44s)

---------------  T H R E A D  ---------------

Current thread (0x000002a2de2b50c0):  GCTaskThread "GC Thread#1" [stack: 0x000000d4c6400000,0x000000d4c6500000] [id=1504]

Stack: [0x000000d4c6400000,0x000000d4c6500000],  sp=0x000000d4c64ff960,  free space=1022k
Native frames: (J=compiled Java code, j=interpreted, Vv=VM code, C=native code)
V  [jvm.dll+0x304c09]
V  [jvm.dll+0x30190e]
V  [jvm.dll+0x310113]
V  [jvm.dll+0x311f2b]
V  [jvm.dll+0x31070d]
V  [jvm.dll+0x311ada]
V  [jvm.dll+0x2dc663]
V  [jvm.dll+0x2ddf0b]
V  [jvm.dll+0x80832b]
V  [jvm.dll+0x808376]
V  [jvm.dll+0x78abea]
V  [jvm.dll+0x678f35]
C  [ucrtbase.dll+0x21bb2]
C  [KERNEL32.DLL+0x17374]
C  [ntdll.dll+0x4cc91]


siginfo: EXCEPTION_ACCESS_VIOLATION (0xc0000005), reading address 0x000000000000e008


Registers:
RAX=0x0000000000000000, RBX=0x000000008358ac15, RCX=0x0000000000000014, RDX=0x0000000000000000
RSP=0x000000d4c64ff960, RBP=0x0000000000000249, RSI=0x000000008358ac14, RDI=0x000002a2dfae72b0
R8 =0x000000008358ac30, R9 =0x0000000082d10988, R10=0x000000000000e008, R11=0x0000000000000001
R12=0x000000d4c64ffbc0, R13=0x000002a285123420, R14=0x0000000000000040, R15=0x0000000000000000
RIP=0x00007ffe666a4c09, EFLAGS=0x0000000000010246


Register to memory mapping:

RIP=0x00007ffe666a4c09 jvm.dll
RAX=0x0 is NULL
RBX=0x000000008358ac15 is pointing into object: [Ljava.util.HashMap$Node; 
{0x000000008358ac00} - klass: 'java/util/HashMap$Node'[]
 - length: 8
RCX=0x0000000000000014 is an unknown value
RDX=0x0 is NULL
RSP=0x000000d4c64ff960 points into unknown readable memory: 0x0000000000000000 | 00 00 00 00 00 00 00 00
RBP=0x0000000000000249 is an unknown value
RSI=0x000000008358ac14 is pointing into object: [Ljava.util.HashMap$Node; 
{0x000000008358ac00} - klass: 'java/util/HashMap$Node'[]
 - length: 8
RDI=0x000002a2dfae72b0 points into unknown readable memory: 0x00007ffe66c9efa8 | a8 ef c9 66 fe 7f 00 00
R8 =0x000000008358ac30 is an oop: java.util.LinkedHashMap$Entry 
{0x000000008358ac30} - klass: 'java/util/LinkedHashMap$Entry'
 - ---- fields (total size 5 words):
 - final 'hash' 'I' @12  -292085812 (ee971fcc)
 - final 'key' 'Ljava/lang/Object;' @16  "org.springframework.boot.autoconfigure.jackson.JacksonAutoConfiguration"{0x0000000082d10988} (82d10988)
 - 'value' 'Ljava/lang/Object;' @20  a 'java/lang/Object'{0x0000000081ee8ed0} (81ee8ed0)
 - 'next' 'Ljava/util/HashMap$Node;' @24  NULL (0)
 - 'before' 'Ljava/util/LinkedHashMap$Entry;' @28  NULL (0)
 - 'after' 'Ljava/util/LinkedHashMap$Entry;' @32  NULL (0)
R9 =0x0000000082d10988 is an oop: java.lang.String 
{0x0000000082d10988} - klass: 'java/lang/String'
 - string: "org.springframework.boot.autoconfigure.jackson.JacksonAutoConfiguration"
R10=0x000000000000e008 is an unknown value
R11=0x0000000000000001 is an unknown value
R12=0x000000d4c64ffbc0 points into unknown readable memory: 0x00007ffe66ca0078 | 78 00 ca 66 fe 7f 00 00
R13=0x000002a285123420 points into unknown readable memory: 0x00000000000007e6 | e6 07 00 00 00 00 00 00
R14=0x0000000000000040 is an unknown value
R15=0x0 is NULL


Top of Stack: (sp=0x000000d4c64ff960)
0x000000d4c64ff960:   0000000000000000 0000000000410100
0x000000d4c64ff970:   0000000000000000 0000000000000011
0x000000d4c64ff980:   000002a291a4a040 0000000000000003
0x000000d4c64ff990:   00000000000000c0 000000d4c64ffbc0
0x000000d4c64ff9a0:   0000000082e0ba00 00007ffe666a190e
0x000000d4c64ff9b0:   0000000082e0ba00 000002a2dfae72b0
0x000000d4c64ff9c0:   000002a285123420 000002a291a4a040
0x000000d4c64ff9d0:   000000174b0a965a 000000b37ec8a6a8
0x000000d4c64ff9e0:   000000d4c64ffbc0 0000000082e0ba00
0x000000d4c64ff9f0:   0000000082e0c000 00007ffe666b0113
0x000000d4c64ffa00:   0000000082e0ba00 000000d4c64ffa20
0x000000d4c64ffa10:   000000d4c64ffa30 000000d4c64ffbc0
0x000000d4c64ffa20:   0000000082e0ba00 00000000000000c0
0x000000d4c64ffa30:   00007ffe66c9fe88 0000000000000000
0x000000d4c64ffa40:   000002a285126b80 000002a2dfae72b0
0x000000d4c64ffa50:   000002a291a4a060 00007ffe666b1f2b 

Instructions: (pc=0x00007ffe666a4c09)
0x00007ffe666a4b09:   ff 48 8d 53 fe 48 8b cf e8 aa f6 ff ff e9 35 fd
0x00007ffe666a4b19:   ff ff 0f 1f 44 00 00 48 8b 77 10 8b ae 80 00 00
0x00007ffe666a4b29:   00 8b cd 8b 86 00 01 00 00 2b c8 81 e1 ff ff 01
0x00007ffe666a4b39:   00 41 3b ce 0f 86 e9 02 00 00 ff cd 81 e5 ff ff
0x00007ffe666a4b49:   01 00 89 ae 80 00 00 00 e8 ba 6c 36 00 90 8b d5
0x00007ffe666a4b59:   8b 86 00 01 00 00 8b cd 48 8b 9e 80 01 00 00 2b
0x00007ffe666a4b69:   c8 81 e1 ff ff 01 00 81 f9 ff ff 01 00 48 8b 1c
0x00007ffe666a4b79:   eb 41 0f 44 cf 85 c9 75 3d 90 89 6c 24 50 48 8b
0x00007ffe666a4b89:   86 00 01 00 00 48 8b c8 48 c1 e9 20 ff c1 89 4c
0x00007ffe666a4b99:   24 54 3b e8 0f 85 77 02 00 00 48 c1 e1 20 48 0b
0x00007ffe666a4ba9:   ca f0 48 0f b1 8e 00 01 00 00 0f 85 61 02 00 00
0x00007ffe666a4bb9:   8b 86 00 01 00 00 f6 c3 01 0f 84 2f 01 00 00 8b
0x00007ffe666a4bc9:   0d ea c6 79 00 48 8d 73 ff 48 8b 47 08 44 8b 16
0x00007ffe666a4bd9:   49 d3 e2 4c 03 15 cd c6 79 00 8b 88 90 05 00 00
0x00007ffe666a4be9:   49 8b d2 48 8b 80 80 05 00 00 48 d3 ea 0f b7 14
0x00007ffe666a4bf9:   50 0f b7 c2 66 c1 e8 08 84 c0 0f 88 17 ff ff ff
0x00007ffe666a4c09:   4d 8b 02 41 0f b6 c0 24 03 3c 03 75 1e 44 38 3d
0x00007ffe666a4c19:   c4 43 80 00 74 0f 41 0f b6 c0 24 07 3c 05 75 05
0x00007ffe666a4c29:   4d 8b c7 eb 17 49 83 e0 fc eb 11 4d 8b c8 48 8b
0x00007ffe666a4c39:   cf 4d 8b c2 e8 be f0 ff ff 4c 8b c0 8b 0d 6d c6
0x00007ffe666a4c49:   79 00 49 8b d0 48 2b 15 5b c6 79 00 48 d3 ea 89
0x00007ffe666a4c59:   16 48 8b d6 8b 0d 0d 4c 80 00 49 33 d0 48 d3 ea
0x00007ffe666a4c69:   48 85 d2 0f 84 ae fe ff ff 48 8b 47 08 48 8b d6
0x00007ffe666a4c79:   8b 88 c0 01 00 00 48 8b 80 b0 01 00 00 48 d3 ea
0x00007ffe666a4c89:   48 8b 0c d0 8b 81 94 00 00 00 d1 e8 a8 01 0f 85
0x00007ffe666a4c99:   83 fe ff ff 48 8b 47 08 8b 88 90 05 00 00 48 8b
0x00007ffe666a4ca9:   80 80 05 00 00 49 d3 e8 46 38 3c 40 0f 84 65 fe
0x00007ffe666a4cb9:   ff ff 48 8b 47 60 48 c1 ee 09 48 8b 58 40 48 8b
0x00007ffe666a4cc9:   48 38 48 03 de 48 2b d9 48 39 9f b0 01 00 00 0f
0x00007ffe666a4cd9:   84 42 fe ff ff 48 8d 14 19 48 8d 4f 18 e8 45 40
0x00007ffe666a4ce9:   00 00 48 89 9f b0 01 00 00 e9 29 fe ff ff f6 c3
0x00007ffe666a4cf9:   03 0f 85 09 01 00 00 48 8b 47 08 4c 8b 13 49 8b 


Stack slot to memory mapping:
stack at sp + 0 slots: 0x0 is NULL
stack at sp + 1 slots: 0x0000000000410100 is an unknown value
stack at sp + 2 slots: 0x0 is NULL
stack at sp + 3 slots: 0x0000000000000011 is an unknown value
stack at sp + 4 slots: 0x000002a291a4a040 points into unknown readable memory: 0xffffffffffffffff | ff ff ff ff ff ff ff ff
stack at sp + 5 slots: 0x0000000000000003 is an unknown value
stack at sp + 6 slots: 0x00000000000000c0 is an unknown value
stack at sp + 7 slots: 0x000000d4c64ffbc0 points into unknown readable memory: 0x00007ffe66ca0078 | 78 00 ca 66 fe 7f 00 00


---------------  P R O C E S S  ---------------

Threads class SMR info:
_java_thread_list=0x000002a2e012ce50, length=36, elements={
0x000002a2987752d0, 0x000002a298776940, 0x000002a298787e20, 0x000002a2987889b0,
0x000002a29878be40, 0x000002a298791730, 0x000002a2987b55c0, 0x000002a2987be6a0,
0x000002a29880e720, 0x000002a2989ee2f0, 0x000002a2de1a5020, 0x000002a2de1b81d0,
0x000002a2de263050, 0x000002a2de667070, 0x000002a2de668ed0, 0x000002a2de6684b0,
0x000002a2de6698f0, 0x000002a2de6693e0, 0x000002a2de669e00, 0x000002a2e000e270,
0x000002a2e000ce30, 0x000002a2e000dd60, 0x000002a2e000c410, 0x000002a2e000f1a0,
0x000002a2e000aac0, 0x000002a2e00105e0, 0x000002a2e000f6b0, 0x000002a2e000c920,
0x000002a2e000e780, 0x000002a2e000b4e0, 0x000002a2e000d850, 0x000002a2e0011000,
0x000002a2e000d340, 0x000002a2e000afd0, 0x000002a2e000ec90, 0x000002a2e000b9f0
}

Java Threads: ( => current thread )
  0x000002a2987752d0 JavaThread "Reference Handler" daemon [_thread_blocked, id=11604, stack(0x000000d4c5300000,0x000000d4c5400000)]
  0x000002a298776940 JavaThread "Finalizer" daemon [_thread_blocked, id=10052, stack(0x000000d4c5400000,0x000000d4c5500000)]
  0x000002a298787e20 JavaThread "Signal Dispatcher" daemon [_thread_blocked, id=12932, stack(0x000000d4c5600000,0x000000d4c5700000)]
  0x000002a2987889b0 JavaThread "Attach Listener" daemon [_thread_blocked, id=6156, stack(0x000000d4c5700000,0x000000d4c5800000)]
  0x000002a29878be40 JavaThread "Service Thread" daemon [_thread_blocked, id=14684, stack(0x000000d4c5800000,0x000000d4c5900000)]
  0x000002a298791730 JavaThread "Monitor Deflation Thread" daemon [_thread_blocked, id=14712, stack(0x000000d4c5900000,0x000000d4c5a00000)]
  0x000002a2987b55c0 JavaThread "C1 CompilerThread0" daemon [_thread_blocked, id=3552, stack(0x000000d4c5a00000,0x000000d4c5b00000)]
  0x000002a2987be6a0 JavaThread "Sweeper thread" daemon [_thread_blocked, id=7196, stack(0x000000d4c5b00000,0x000000d4c5c00000)]
  0x000002a29880e720 JavaThread "Common-Cleaner" daemon [_thread_blocked, id=1872, stack(0x000000d4c5c00000,0x000000d4c5d00000)]
  0x000002a2989ee2f0 JavaThread "Notification Thread" daemon [_thread_blocked, id=14972, stack(0x000000d4c5f00000,0x000000d4c6000000)]
  0x000002a2de1a5020 JavaThread "RMI TCP Accept-0" daemon [_thread_in_native, id=1992, stack(0x000000d4c6000000,0x000000d4c6100000)]
  0x000002a2de1b81d0 JavaThread "RMI TCP Accept-52453" daemon [_thread_in_native, id=15356, stack(0x000000d4c6100000,0x000000d4c6200000)]
  0x000002a2de263050 JavaThread "RMI TCP Accept-0" daemon [_thread_in_native, id=2284, stack(0x000000d4c6200000,0x000000d4c6300000)]
  0x000002a2de667070 JavaThread "RMI Scheduler(0)" daemon [_thread_blocked, id=14680, stack(0x000000d4c6c00000,0x000000d4c6d00000)]
  0x000002a2de668ed0 JavaThread "JMX server connection timeout 24" daemon [_thread_blocked, id=11344, stack(0x000000d4c6e00000,0x000000d4c6f00000)]
  0x000002a2de6684b0 JavaThread "mysql-cj-abandoned-connection-cleanup" daemon [_thread_blocked, id=13568, stack(0x000000d4c6f00000,0x000000d4c7000000)]
  0x000002a2de6698f0 JavaThread "HikariPool-1 housekeeper" daemon [_thread_blocked, id=4304, stack(0x000000d4c7100000,0x000000d4c7200000)]
  0x000002a2de6693e0 JavaThread "Catalina-utility-1" [_thread_blocked, id=13084, stack(0x000000d4c7300000,0x000000d4c7400000)]
  0x000002a2de669e00 JavaThread "Catalina-utility-2" [_thread_blocked, id=14196, stack(0x000000d4c7400000,0x000000d4c7500000)]
  0x000002a2e000e270 JavaThread "container-0" [_thread_blocked, id=852, stack(0x000000d4c7500000,0x000000d4c7600000)]
  0x000002a2e000ce30 JavaThread "File Watcher" daemon [_thread_blocked, id=6652, stack(0x000000d4c7600000,0x000000d4c7700000)]
  0x000002a2e000dd60 JavaThread "Live Reload Server" daemon [_thread_in_native, id=6876, stack(0x000000d4c7800000,0x000000d4c7900000)]
  0x000002a2e000c410 JavaThread "http-nio-8081-exec-1" daemon [_thread_blocked, id=14848, stack(0x000000d4c7700000,0x000000d4c7800000)]
  0x000002a2e000f1a0 JavaThread "http-nio-8081-exec-2" daemon [_thread_blocked, id=2392, stack(0x000000d4c7900000,0x000000d4c7a00000)]
  0x000002a2e000aac0 JavaThread "http-nio-8081-exec-3" daemon [_thread_blocked, id=5236, stack(0x000000d4c7a00000,0x000000d4c7b00000)]
  0x000002a2e00105e0 JavaThread "http-nio-8081-exec-4" daemon [_thread_blocked, id=9448, stack(0x000000d4c7b00000,0x000000d4c7c00000)]
  0x000002a2e000f6b0 JavaThread "http-nio-8081-exec-5" daemon [_thread_blocked, id=10300, stack(0x000000d4c7c00000,0x000000d4c7d00000)]
  0x000002a2e000c920 JavaThread "http-nio-8081-exec-6" daemon [_thread_blocked, id=8508, stack(0x000000d4c7d00000,0x000000d4c7e00000)]
  0x000002a2e000e780 JavaThread "http-nio-8081-exec-7" daemon [_thread_blocked, id=660, stack(0x000000d4c7e00000,0x000000d4c7f00000)]
  0x000002a2e000b4e0 JavaThread "http-nio-8081-exec-8" daemon [_thread_blocked, id=10860, stack(0x000000d4c7f00000,0x000000d4c8000000)]
  0x000002a2e000d850 JavaThread "http-nio-8081-exec-9" daemon [_thread_blocked, id=13764, stack(0x000000d4c8000000,0x000000d4c8100000)]
  0x000002a2e0011000 JavaThread "http-nio-8081-exec-10" daemon [_thread_blocked, id=10268, stack(0x000000d4c8100000,0x000000d4c8200000)]
  0x000002a2e000d340 JavaThread "http-nio-8081-Poller" daemon [_thread_blocked, id=8588, stack(0x000000d4c8200000,0x000000d4c8300000)]
  0x000002a2e000afd0 JavaThread "http-nio-8081-Acceptor" daemon [_thread_in_native, id=11280, stack(0x000000d4c8300000,0x000000d4c8400000)]
  0x000002a2e000ec90 JavaThread "DestroyJavaVM" [_thread_blocked, id=1376, stack(0x000000d4c4c00000,0x000000d4c4d00000)]
  0x000002a2e000b9f0 JavaThread "RMI TCP Connection(idle)" daemon [_thread_blocked, id=3140, stack(0x000000d4c8800000,0x000000d4c8900000)]

Other Threads:
  0x000002a29876c840 VMThread "VM Thread" [stack: 0x000000d4c5200000,0x000000d4c5300000] [id=11220]
  0x000002a2de1a38d0 WatcherThread [stack: 0x000000d4c6300000,0x000000d4c6400000] [id=10556]
  0x000002a28516d5d0 GCTaskThread "GC Thread#0" [stack: 0x000000d4c4d00000,0x000000d4c4e00000] [id=4596]
=>0x000002a2de2b50c0 GCTaskThread "GC Thread#1" [stack: 0x000000d4c6400000,0x000000d4c6500000] [id=1504]
  0x000002a2de283710 GCTaskThread "GC Thread#2" [stack: 0x000000d4c6500000,0x000000d4c6600000] [id=9232]
  0x000002a2de35c180 GCTaskThread "GC Thread#3" [stack: 0x000000d4c6600000,0x000000d4c6700000] [id=9256]
  0x000002a28517f100 ConcurrentGCThread "G1 Main Marker" [stack: 0x000000d4c4e00000,0x000000d4c4f00000] [id=1824]
  0x000002a285180300 ConcurrentGCThread "G1 Conc#0" [stack: 0x000000d4c4f00000,0x000000d4c5000000] [id=1268]
  0x000002a2851d4c40 ConcurrentGCThread "G1 Refine#0" [stack: 0x000000d4c5000000,0x000000d4c5100000] [id=9172]
  0x000002a2de35cc60 ConcurrentGCThread "G1 Refine#1" [stack: 0x000000d4c6700000,0x000000d4c6800000] [id=8052]
  0x000002a2de32b3a0 ConcurrentGCThread "G1 Refine#2" [stack: 0x000000d4c6800000,0x000000d4c6900000] [id=12684]
  0x000002a298630fd0 ConcurrentGCThread "G1 Service" [stack: 0x000000d4c5100000,0x000000d4c5200000] [id=5444]

Threads with active compile tasks:

VM state: at safepoint (normal execution)

VM Mutex/Monitor currently owned by a thread:  ([mutex/lock_event])
[0x000002a285110220] Threads_lock - owner thread: 0x000002a29876c840
[0x000002a28510fad0] Heap_lock - owner thread: 0x000002a2e000ce30

Heap address: 0x0000000081a00000, size: 2022 MB, Compressed Oops mode: 32-bit

CDS archive(s) mapped at: [0x000002a299000000-0x000002a299bd0000-0x000002a299bd0000), size 12386304, SharedBaseAddress: 0x000002a299000000, ArchiveRelocationMode: 1.
Compressed class space mapped at: 0x000002a29a000000-0x000002a2da000000, reserved size: 1073741824
Narrow klass base: 0x000002a299000000, Narrow klass shift: 0, Narrow klass range: 0x100000000

GC Precious Log:
 CPUs: 4 total, 4 available
 Memory: 8087M
 Large Page Support: Disabled
 NUMA Support: Disabled
 Compressed Oops: Enabled (32-bit)
 Heap Region Size: 1M
 Heap Min Capacity: 8M
 Heap Initial Capacity: 128M
 Heap Max Capacity: 2022M
 Pre-touch: Disabled
 Parallel Workers: 4
 Concurrent Workers: 1
 Concurrent Refinement Workers: 4
 Periodic GC: Disabled

Heap:
 garbage-first heap   total 67584K, used 54091K [0x0000000081a00000, 0x0000000100000000)
  region size 1024K, 25 young (25600K), 3 survivors (3072K)
 Metaspace       used 61902K, committed 62528K, reserved 1114112K
  class space    used 8942K, committed 9216K, reserved 1048576K

Heap Regions: E=young(eden), S=young(survivor), O=old, HS=humongous(starts), HC=humongous(continues), CS=collection set, F=free, OA=open archive, CA=closed archive, TAMS=top-at-mark-start (previous, next)
|   0|0x0000000081a00000, 0x0000000081b00000, 0x0000000081b00000|100%|HS|  |TAMS 0x0000000081b00000, 0x0000000081a00000| Complete 
|   1|0x0000000081b00000, 0x0000000081c00000, 0x0000000081c00000|100%| O|  |TAMS 0x0000000081c00000, 0x0000000081b00000| Untracked 
|   2|0x0000000081c00000, 0x0000000081d00000, 0x0000000081d00000|100%| O|  |TAMS 0x0000000081d00000, 0x0000000081c00000| Untracked 
|   3|0x0000000081d00000, 0x0000000081e00000, 0x0000000081e00000|100%| O|  |TAMS 0x0000000081e00000, 0x0000000081d00000| Untracked 
|   4|0x0000000081e00000, 0x0000000081f00000, 0x0000000081f00000|100%| O|  |TAMS 0x0000000081f00000, 0x0000000081e00000| Untracked 
|   5|0x0000000081f00000, 0x0000000082000000, 0x0000000082000000|100%| O|  |TAMS 0x0000000082000000, 0x0000000081f00000| Untracked 
|   6|0x0000000082000000, 0x00000000820cd600, 0x0000000082100000| 80%| O|  |TAMS 0x00000000820cd600, 0x0000000082000000| Untracked 
|   7|0x0000000082100000, 0x0000000082200000, 0x0000000082200000|100%| O|  |TAMS 0x0000000082200000, 0x0000000082100000| Untracked 
|   8|0x0000000082200000, 0x0000000082300000, 0x0000000082300000|100%| O|  |TAMS 0x0000000082300000, 0x0000000082200000| Untracked 
|   9|0x0000000082300000, 0x0000000082400000, 0x0000000082400000|100%| O|  |TAMS 0x0000000082400000, 0x0000000082300000| Untracked 
|  10|0x0000000082400000, 0x0000000082500000, 0x0000000082500000|100%| O|  |TAMS 0x0000000082500000, 0x0000000082400000| Untracked 
|  11|0x0000000082500000, 0x0000000082600000, 0x0000000082600000|100%| O|  |TAMS 0x0000000082542a00, 0x0000000082500000| Untracked 
|  12|0x0000000082600000, 0x0000000082700000, 0x0000000082700000|100%| O|  |TAMS 0x0000000082600000, 0x0000000082600000| Untracked 
|  13|0x0000000082700000, 0x0000000082800000, 0x0000000082800000|100%| O|  |TAMS 0x0000000082700000, 0x0000000082700000| Untracked 
|  14|0x0000000082800000, 0x0000000082900000, 0x0000000082900000|100%| O|  |TAMS 0x0000000082800000, 0x0000000082800000| Untracked 
|  15|0x0000000082900000, 0x0000000082a00000, 0x0000000082a00000|100%| O|  |TAMS 0x0000000082900000, 0x0000000082900000| Untracked 
|  16|0x0000000082a00000, 0x0000000082b00000, 0x0000000082b00000|100%| O|  |TAMS 0x0000000082b00000, 0x0000000082a00000| Untracked 
|  17|0x0000000082b00000, 0x0000000082c00000, 0x0000000082c00000|100%| O|  |TAMS 0x0000000082c00000, 0x0000000082b00000| Untracked 
|  18|0x0000000082c00000, 0x0000000082d00000, 0x0000000082d00000|100%| O|  |TAMS 0x0000000082d00000, 0x0000000082c00000| Untracked 
|  19|0x0000000082d00000, 0x0000000082e00000, 0x0000000082e00000|100%| O|  |TAMS 0x0000000082e00000, 0x0000000082d00000| Untracked 
|  20|0x0000000082e00000, 0x0000000082f00000, 0x0000000082f00000|100%| O|  |TAMS 0x0000000082f00000, 0x0000000082e00000| Untracked 
|  21|0x0000000082f00000, 0x0000000083000000, 0x0000000083000000|100%| O|  |TAMS 0x0000000083000000, 0x0000000082f00000| Untracked 
|  22|0x0000000083000000, 0x0000000083100000, 0x0000000083100000|100%| O|  |TAMS 0x0000000083000000, 0x0000000083000000| Untracked 
|  23|0x0000000083100000, 0x0000000083200000, 0x0000000083200000|100%| O|  |TAMS 0x0000000083100000, 0x0000000083100000| Untracked 
|  24|0x0000000083200000, 0x0000000083300000, 0x0000000083300000|100%| O|  |TAMS 0x0000000083200000, 0x0000000083200000| Untracked 
|  25|0x0000000083300000, 0x0000000083400000, 0x0000000083400000|100%| O|  |TAMS 0x0000000083300000, 0x0000000083300000| Untracked 
|  26|0x0000000083400000, 0x0000000083500000, 0x0000000083500000|100%| O|  |TAMS 0x0000000083400000, 0x0000000083400000| Untracked 
|  27|0x0000000083500000, 0x0000000083600000, 0x0000000083600000|100%| O|  |TAMS 0x0000000083500000, 0x0000000083500000| Untracked 
|  28|0x0000000083600000, 0x00000000836197b8, 0x0000000083700000|  9%| O|  |TAMS 0x0000000083600000, 0x0000000083600000| Untracked 
|  29|0x0000000083700000, 0x0000000083700000, 0x0000000083800000|  0%| F|  |TAMS 0x0000000083700000, 0x0000000083700000| Untracked 
|  30|0x0000000083800000, 0x0000000083800000, 0x0000000083900000|  0%| F|  |TAMS 0x0000000083800000, 0x0000000083800000| Untracked 
|  31|0x0000000083900000, 0x0000000083900000, 0x0000000083a00000|  0%| F|  |TAMS 0x0000000083900000, 0x0000000083900000| Untracked 
|  32|0x0000000083a00000, 0x0000000083a00000, 0x0000000083b00000|  0%| F|  |TAMS 0x0000000083a00000, 0x0000000083a00000| Untracked 
|  33|0x0000000083b00000, 0x0000000083b00000, 0x0000000083c00000|  0%| F|  |TAMS 0x0000000083b00000, 0x0000000083b00000| Untracked 
|  34|0x0000000083c00000, 0x0000000083c00000, 0x0000000083d00000|  0%| F|  |TAMS 0x0000000083c00000, 0x0000000083c00000| Untracked 
|  35|0x0000000083d00000, 0x0000000083d00000, 0x0000000083e00000|  0%| F|  |TAMS 0x0000000083d00000, 0x0000000083d00000| Untracked 
|  36|0x0000000083e00000, 0x0000000083ec3858, 0x0000000083f00000| 76%| E|CS|TAMS 0x0000000083e00000, 0x0000000083e00000| Complete 
|  37|0x0000000083f00000, 0x0000000084000000, 0x0000000084000000|100%| E|CS|TAMS 0x0000000083f00000, 0x0000000083f00000| Complete 
|  38|0x0000000084000000, 0x00000000840a3fe0, 0x0000000084100000| 64%| S|  |TAMS 0x0000000084000000, 0x0000000084000000| Complete 
|  39|0x0000000084100000, 0x0000000084200000, 0x0000000084200000|100%| S|  |TAMS 0x0000000084100000, 0x0000000084100000| Complete 
|  40|0x0000000084200000, 0x0000000084300000, 0x0000000084300000|100%| E|CS|TAMS 0x0000000084200000, 0x0000000084200000| Complete 
|  41|0x0000000084300000, 0x0000000084400000, 0x0000000084400000|100%| E|CS|TAMS 0x0000000084300000, 0x0000000084300000| Complete 
|  42|0x0000000084400000, 0x0000000084500000, 0x0000000084500000|100%| S|  |TAMS 0x0000000084400000, 0x0000000084400000| Complete 
|  43|0x0000000084500000, 0x0000000084600000, 0x0000000084600000|100%| E|CS|TAMS 0x0000000084500000, 0x0000000084500000| Complete 
|  44|0x0000000084600000, 0x0000000084700000, 0x0000000084700000|100%| E|CS|TAMS 0x0000000084600000, 0x0000000084600000| Complete 
|  45|0x0000000084700000, 0x0000000084800000, 0x0000000084800000|100%| E|CS|TAMS 0x0000000084700000, 0x0000000084700000| Complete 
|  46|0x0000000084800000, 0x0000000084900000, 0x0000000084900000|100%| E|CS|TAMS 0x0000000084800000, 0x0000000084800000| Complete 
|  47|0x0000000084900000, 0x0000000084a00000, 0x0000000084a00000|100%| E|CS|TAMS 0x0000000084900000, 0x0000000084900000| Complete 
|  48|0x0000000084a00000, 0x0000000084b00000, 0x0000000084b00000|100%| E|CS|TAMS 0x0000000084a00000, 0x0000000084a00000| Complete 
|  49|0x0000000084b00000, 0x0000000084c00000, 0x0000000084c00000|100%| E|CS|TAMS 0x0000000084b00000, 0x0000000084b00000| Complete 
|  50|0x0000000084c00000, 0x0000000084d00000, 0x0000000084d00000|100%| E|CS|TAMS 0x0000000084c00000, 0x0000000084c00000| Complete 
|  51|0x0000000084d00000, 0x0000000084e00000, 0x0000000084e00000|100%| E|CS|TAMS 0x0000000084d00000, 0x0000000084d00000| Complete 
|  52|0x0000000084e00000, 0x0000000084f00000, 0x0000000084f00000|100%| E|CS|TAMS 0x0000000084e00000, 0x0000000084e00000| Complete 
|  53|0x0000000084f00000, 0x0000000085000000, 0x0000000085000000|100%| E|CS|TAMS 0x0000000084f00000, 0x0000000084f00000| Complete 
|  54|0x0000000085000000, 0x0000000085100000, 0x0000000085100000|100%| E|CS|TAMS 0x0000000085000000, 0x0000000085000000| Complete 
|  55|0x0000000085100000, 0x0000000085200000, 0x0000000085200000|100%| E|CS|TAMS 0x0000000085100000, 0x0000000085100000| Complete 
|  56|0x0000000085200000, 0x0000000085300000, 0x0000000085300000|100%| E|CS|TAMS 0x0000000085200000, 0x0000000085200000| Complete 
|  57|0x0000000085300000, 0x0000000085400000, 0x0000000085400000|100%| E|CS|TAMS 0x0000000085300000, 0x0000000085300000| Complete 
|  58|0x0000000085400000, 0x0000000085500000, 0x0000000085500000|100%| E|CS|TAMS 0x0000000085400000, 0x0000000085400000| Complete 
|  59|0x0000000085500000, 0x0000000085600000, 0x0000000085600000|100%| E|CS|TAMS 0x0000000085500000, 0x0000000085500000| Complete 
|  60|0x0000000085600000, 0x0000000085700000, 0x0000000085700000|100%| E|CS|TAMS 0x0000000085600000, 0x0000000085600000| Complete 
|  61|0x0000000085700000, 0x0000000085800000, 0x0000000085800000|100%| E|CS|TAMS 0x0000000085700000, 0x0000000085700000| Complete 
|  62|0x0000000085800000, 0x0000000085900000, 0x0000000085900000|100%| E|CS|TAMS 0x0000000085800000, 0x0000000085800000| Complete 
|  63|0x0000000085900000, 0x0000000085a00000, 0x0000000085a00000|100%| E|CS|TAMS 0x0000000085900000, 0x0000000085900000| Complete 
| 127|0x0000000089900000, 0x0000000089a00000, 0x0000000089a00000|100%| E|CS|TAMS 0x0000000089900000, 0x0000000089900000| Complete 
|2021|0x00000000fff00000, 0x0000000100000000, 0x0000000100000000|100%| O|  |TAMS 0x0000000100000000, 0x00000000fff00000| Untracked 

Card table byte_map: [0x000002a291a40000,0x000002a291e40000] _byte_map_base: 0x000002a291633000

Marking Bits (Prev, Next): (CMBitMap*) 0x000002a28516eb50, (CMBitMap*) 0x000002a28516eb10
 Prev Bits: [0x000002a2941e0000, 0x000002a296178000)
 Next Bits: [0x000002a292240000, 0x000002a2941d8000)

Polling page: 0x000002a2851e0000

Metaspace:

Usage:
  Non-class:     51.72 MB used.
      Class:      8.73 MB used.
       Both:     60.45 MB used.

Virtual space:
  Non-class space:       64.00 MB reserved,      52.06 MB ( 81%) committed,  1 nodes.
      Class space:        1.00 GB reserved,       9.00 MB ( <1%) committed,  1 nodes.
             Both:        1.06 GB reserved,      61.06 MB (  6%) committed. 

Chunk freelists:
   Non-Class:  11.93 MB
       Class:  7.04 MB
        Both:  18.97 MB

MaxMetaspaceSize: unlimited
CompressedClassSpaceSize: 1.00 GB
Initial GC threshold: 21.00 MB
Current GC threshold: 70.56 MB
CDS: on
MetaspaceReclaimPolicy: balanced
 - commit_granule_bytes: 65536.
 - commit_granule_words: 8192.
 - virtual_space_node_default_size: 8388608.
 - enlarge_chunks_in_place: 1.
 - new_chunks_are_fully_committed: 0.
 - uncommit_free_chunks: 1.
 - use_allocation_guard: 0.
 - handle_deallocations: 1.


Internal statistics:

num_allocs_failed_limit: 9.
num_arena_births: 800.
num_arena_deaths: 0.
num_vsnodes_births: 2.
num_vsnodes_deaths: 0.
num_space_committed: 977.
num_space_uncommitted: 0.
num_chunks_returned_to_freelist: 9.
num_chunks_taken_from_freelist: 3068.
num_chunk_merges: 9.
num_chunk_splits: 2226.
num_chunks_enlarged: 1726.
num_inconsistent_stats: 0.

CodeCache: size=49152Kb used=10367Kb max_used=11327Kb free=38785Kb
 bounds [0x000002a28e1a0000, 0x000002a28ed20000, 0x000002a2911a0000]
 total_blobs=6490 nmethods=5840 adapters=577
 compilation: enabled
              stopped_count=0, restarted_count=0
 full_count=0

Compilation events (20 events):
Event: 9934.994 Thread 0x000002a2987b55c0 5832       1       sun.nio.ch.WEPollSelectorImpl::processEvents (152 bytes)
Event: 9934.995 Thread 0x000002a2987b55c0 nmethod 5832 0x000002a28e302910 code [0x000002a28e302b20, 0x000002a28e303048]
Event: 9934.995 Thread 0x000002a2987b55c0 5833       1       java.util.concurrent.atomic.AtomicLong::set (12 bytes)
Event: 9934.995 Thread 0x000002a2987b55c0 nmethod 5833 0x000002a28e302610 code [0x000002a28e3027a0, 0x000002a28e302878]
Event: 9934.995 Thread 0x000002a2987b55c0 5834   !   1       org.apache.tomcat.util.net.NioEndpoint$Poller::timeout (501 bytes)
Event: 9934.998 Thread 0x000002a2987b55c0 nmethod 5834 0x000002a28e300310 code [0x000002a28e3006c0, 0x000002a28e3017a8]
Event: 9934.998 Thread 0x000002a2987b55c0 5835       1       sun.nio.ch.SelectorImpl::keys (9 bytes)
Event: 9934.998 Thread 0x000002a2987b55c0 nmethod 5835 0x000002a28e2fff90 code [0x000002a28e300120, 0x000002a28e300268]
Event: 9938.294 Thread 0x000002a2987b55c0 5836       1       org.springframework.boot.devtools.filewatch.DirectorySnapshot::<init> (70 bytes)
Event: 9938.296 Thread 0x000002a2987b55c0 nmethod 5836 0x000002a28e2ff090 code [0x000002a28e2ff300, 0x000002a28e2ffb88]
Event: 9938.296 Thread 0x000002a2987b55c0 5837       1       org.springframework.boot.devtools.filewatch.DirectorySnapshot$$Lambda$1549/0x000002a29a8e2d10::<init> (10 bytes)
Event: 9938.296 Thread 0x000002a2987b55c0 nmethod 5837 0x000002a28e2fed90 code [0x000002a28e2fef20, 0x000002a28e2ff038]
Event: 9938.706 Thread 0x000002a2987b55c0 5838       1       org.springframework.boot.devtools.filewatch.FileSystemWatcher$Watcher::scan (63 bytes)
Event: 9938.707 Thread 0x000002a2987b55c0 nmethod 5838 0x000002a28e2fe810 code [0x000002a28e2fea00, 0x000002a28e2fec08]
Event: 9939.311 Thread 0x000002a2987b55c0 5839       1       org.springframework.boot.devtools.filewatch.FileSystemWatcher$Watcher::getCurrentSnapshots (63 bytes)
Event: 9939.312 Thread 0x000002a2987b55c0 nmethod 5839 0x000002a28e2fdf90 code [0x000002a28e2fe1a0, 0x000002a28e2fe558]
Event: 9950.523 Thread 0x000002a2987b55c0 5840       1       java.util.HashMap::valuesToArray (81 bytes)
Event: 9950.523 Thread 0x000002a2987b55c0 nmethod 5840 0x000002a28e2fda10 code [0x000002a28e2fdbc0, 0x000002a28e2fde18]
Event: 9990.581 Thread 0x000002a2987b55c0 5841       1       org.apache.catalina.webresources.Cache$$Lambda$1586/0x000002a29a8edac8::applyAsLong (8 bytes)
Event: 9990.581 Thread 0x000002a2987b55c0 nmethod 5841 0x000002a28e2fd690 code [0x000002a28e2fd820, 0x000002a28e2fd938]

GC Heap History (20 events):
Event: 3.100 GC heap after
{Heap after GC invocations=6 (full 0):
 garbage-first heap   total 56320K, used 16491K [0x0000000081a00000, 0x0000000100000000)
  region size 1024K, 7 young (7168K), 7 survivors (7168K)
 Metaspace       used 24874K, committed 25280K, reserved 1114112K
  class space    used 3470K, committed 3648K, reserved 1048576K
}
Event: 3.479 GC heap before
{Heap before GC invocations=6 (full 0):
 garbage-first heap   total 56320K, used 39019K [0x0000000081a00000, 0x0000000100000000)
  region size 1024K, 29 young (29696K), 7 survivors (7168K)
 Metaspace       used 27787K, committed 28224K, reserved 1114112K
  class space    used 3895K, committed 4096K, reserved 1048576K
}
Event: 3.489 GC heap after
{Heap after GC invocations=7 (full 0):
 garbage-first heap   total 56320K, used 18527K [0x0000000081a00000, 0x0000000100000000)
  region size 1024K, 3 young (3072K), 3 survivors (3072K)
 Metaspace       used 27787K, committed 28224K, reserved 1114112K
  class space    used 3895K, committed 4096K, reserved 1048576K
}
Event: 3.955 GC heap before
{Heap before GC invocations=7 (full 0):
 garbage-first heap   total 56320K, used 40031K [0x0000000081a00000, 0x0000000100000000)
  region size 1024K, 24 young (24576K), 3 survivors (3072K)
 Metaspace       used 30748K, committed 31296K, reserved 1114112K
  class space    used 4288K, committed 4544K, reserved 1048576K
}
Event: 3.961 GC heap after
{Heap after GC invocations=8 (full 0):
 garbage-first heap   total 56320K, used 20119K [0x0000000081a00000, 0x0000000100000000)
  region size 1024K, 2 young (2048K), 2 survivors (2048K)
 Metaspace       used 30748K, committed 31296K, reserved 1114112K
  class space    used 4288K, committed 4544K, reserved 1048576K
}
Event: 4.410 GC heap before
{Heap before GC invocations=8 (full 0):
 garbage-first heap   total 56320K, used 38551K [0x0000000081a00000, 0x0000000100000000)
  region size 1024K, 22 young (22528K), 2 survivors (2048K)
 Metaspace       used 35699K, committed 36160K, reserved 1114112K
  class space    used 5049K, committed 5248K, reserved 1048576K
}
Event: 4.416 GC heap after
{Heap after GC invocations=9 (full 0):
 garbage-first heap   total 67584K, used 20953K [0x0000000081a00000, 0x0000000100000000)
  region size 1024K, 3 young (3072K), 3 survivors (3072K)
 Metaspace       used 35699K, committed 36160K, reserved 1114112K
  class space    used 5049K, committed 5248K, reserved 1048576K
}
Event: 4.997 GC heap before
{Heap before GC invocations=10 (full 0):
 garbage-first heap   total 67584K, used 49625K [0x0000000081a00000, 0x0000000100000000)
  region size 1024K, 32 young (32768K), 3 survivors (3072K)
 Metaspace       used 42284K, committed 42816K, reserved 1114112K
  class space    used 5929K, committed 6208K, reserved 1048576K
}
Event: 5.004 GC heap after
{Heap after GC invocations=11 (full 0):
 garbage-first heap   total 67584K, used 23562K [0x0000000081a00000, 0x0000000100000000)
  region size 1024K, 4 young (4096K), 4 survivors (4096K)
 Metaspace       used 42284K, committed 42816K, reserved 1114112K
  class space    used 5929K, committed 6208K, reserved 1048576K
}
Event: 5.603 GC heap before
{Heap before GC invocations=12 (full 0):
 garbage-first heap   total 67584K, used 50186K [0x0000000081a00000, 0x0000000100000000)
  region size 1024K, 31 young (31744K), 4 survivors (4096K)
 Metaspace       used 49670K, committed 50176K, reserved 1114112K
  class space    used 7142K, committed 7424K, reserved 1048576K
}
Event: 5.609 GC heap after
{Heap after GC invocations=13 (full 0):
 garbage-first heap   total 67584K, used 24536K [0x0000000081a00000, 0x0000000100000000)
  region size 1024K, 2 young (2048K), 2 survivors (2048K)
 Metaspace       used 49670K, committed 50176K, reserved 1114112K
  class space    used 7142K, committed 7424K, reserved 1048576K
}
Event: 6.580 GC heap before
{Heap before GC invocations=13 (full 0):
 garbage-first heap   total 67584K, used 51160K [0x0000000081a00000, 0x0000000100000000)
  region size 1024K, 29 young (29696K), 2 survivors (2048K)
 Metaspace       used 54904K, committed 55488K, reserved 1114112K
  class space    used 7843K, committed 8128K, reserved 1048576K
}
Event: 6.585 GC heap after
{Heap after GC invocations=14 (full 0):
 garbage-first heap   total 67584K, used 25816K [0x0000000081a00000, 0x0000000100000000)
  region size 1024K, 3 young (3072K), 3 survivors (3072K)
 Metaspace       used 54904K, committed 55488K, reserved 1114112K
  class space    used 7843K, committed 8128K, reserved 1048576K
}
Event: 7.080 GC heap before
{Heap before GC invocations=14 (full 0):
 garbage-first heap   total 67584K, used 53464K [0x0000000081a00000, 0x0000000100000000)
  region size 1024K, 30 young (30720K), 3 survivors (3072K)
 Metaspace       used 57838K, committed 58432K, reserved 1114112K
  class space    used 8325K, committed 8576K, reserved 1048576K
}
Event: 7.089 GC heap after
{Heap after GC invocations=15 (full 0):
 garbage-first heap   total 67584K, used 28010K [0x0000000081a00000, 0x0000000100000000)
  region size 1024K, 4 young (4096K), 4 survivors (4096K)
 Metaspace       used 57838K, committed 58432K, reserved 1114112K
  class space    used 8325K, committed 8576K, reserved 1048576K
}
Event: 7.525 GC heap before
{Heap before GC invocations=15 (full 0):
 garbage-first heap   total 67584K, used 53610K [0x0000000081a00000, 0x0000000100000000)
  region size 1024K, 29 young (29696K), 4 survivors (4096K)
 Metaspace       used 60005K, committed 60608K, reserved 1114112K
  class space    used 8655K, committed 8960K, reserved 1048576K
}
Event: 7.534 GC heap after
{Heap after GC invocations=16 (full 0):
 garbage-first heap   total 67584K, used 29757K [0x0000000081a00000, 0x0000000100000000)
  region size 1024K, 2 young (2048K), 2 survivors (2048K)
 Metaspace       used 60005K, committed 60608K, reserved 1114112K
  class space    used 8655K, committed 8960K, reserved 1048576K
}
Event: 8.382 GC heap before
{Heap before GC invocations=16 (full 0):
 garbage-first heap   total 67584K, used 53309K [0x0000000081a00000, 0x0000000100000000)
  region size 1024K, 25 young (25600K), 2 survivors (2048K)
 Metaspace       used 61805K, committed 62400K, reserved 1114112K
  class space    used 8924K, committed 9216K, reserved 1048576K
}
Event: 8.397 GC heap after
{Heap after GC invocations=17 (full 0):
 garbage-first heap   total 67584K, used 31563K [0x0000000081a00000, 0x0000000100000000)
  region size 1024K, 4 young (4096K), 4 survivors (4096K)
 Metaspace       used 61805K, committed 62400K, reserved 1114112K
  class space    used 8924K, committed 9216K, reserved 1048576K
}
Event: 10004.319 GC heap before
{Heap before GC invocations=17 (full 0):
 garbage-first heap   total 67584K, used 54091K [0x0000000081a00000, 0x0000000100000000)
  region size 1024K, 26 young (26624K), 4 survivors (4096K)
 Metaspace       used 61902K, committed 62528K, reserved 1114112K
  class space    used 8942K, committed 9216K, reserved 1048576K
}

Deoptimization events (6 events):
Event: 3.068 Thread 0x000002a2de5a13f0 DEOPT PACKING pc=0x000002a28e890bec sp=0x000000d4c6afc890
Event: 3.068 Thread 0x000002a2de5a13f0 DEOPT UNPACKING pc=0x000002a28e1f2b43 sp=0x000000d4c6afbd48 mode 0
Event: 6.612 Thread 0x000002a2de5a13f0 DEOPT PACKING pc=0x000002a28e6fdda4 sp=0x000000d4c6afa050
Event: 6.612 Thread 0x000002a2de5a13f0 DEOPT UNPACKING pc=0x000002a28e1f2b43 sp=0x000000d4c6af95a8 mode 0
Event: 6.796 Thread 0x000002a2de5a13f0 DEOPT PACKING pc=0x000002a28e6f821a sp=0x000000d4c6afc3f0
Event: 6.796 Thread 0x000002a2de5a13f0 DEOPT UNPACKING pc=0x000002a28e1f2b43 sp=0x000000d4c6afb8f8 mode 3

Classes unloaded (0 events):
No events

Classes redefined (0 events):
No events

Internal exceptions (20 events):
Event: 6.498 Thread 0x000002a2de5a13f0 Exception <a 'java/lang/IncompatibleClassChangeError'{0x0000000084438620}: Found class java.lang.Object, but interface was expected> (0x0000000084438620) 
thrown [s\open\src\hotspot\share\interpreter\linkResolver.cpp, line 826]
Event: 6.530 Thread 0x000002a2de5a13f0 Exception <a 'java/lang/IncompatibleClassChangeError'{0x00000000843f74a0}: Found class java.lang.Object, but interface was expected> (0x00000000843f74a0) 
thrown [s\open\src\hotspot\share\interpreter\linkResolver.cpp, line 826]
Event: 6.656 Thread 0x000002a2de5a13f0 Exception <a 'java/lang/IncompatibleClassChangeError'{0x00000000857dfdb8}: Found class java.lang.Object, but interface was expected> (0x00000000857dfdb8) 
thrown [s\open\src\hotspot\share\interpreter\linkResolver.cpp, line 826]
Event: 6.702 Thread 0x000002a2de5a13f0 Exception <a 'java/lang/reflect/InvocationTargetException'{0x0000000085447c48}> (0x0000000085447c48) 
thrown [s\open\src\hotspot\share\runtime\reflection.cpp, line 1121]
Event: 6.710 Thread 0x000002a2de5a13f0 Exception <a 'java/lang/NoSuchMethodError'{0x00000000854ae438}: 'int java.lang.invoke.DirectMethodHandle$Holder.invokeStatic(java.lang.Object, java.lang.Object, int)'> (0x00000000854ae438) 
thrown [s\open\src\hotspot\share\interpreter\linkResolver.cpp, line 759]
Event: 6.716 Thread 0x000002a2de5a13f0 Exception <a 'java/lang/IncompatibleClassChangeError'{0x00000000854f61a8}: Found class java.lang.Object, but interface was expected> (0x00000000854f61a8) 
thrown [s\open\src\hotspot\share\interpreter\linkResolver.cpp, line 826]
Event: 6.760 Thread 0x000002a2de5a13f0 Exception <a 'java/lang/NoSuchMethodError'{0x00000000852b0150}: 'java.lang.Object java.lang.invoke.DirectMethodHandle$Holder.invokeStatic(java.lang.Object, int, java.lang.Object)'> (0x00000000852b0150) 
thrown [s\open\src\hotspot\share\interpreter\linkResolver.cpp, line 759]
Event: 6.809 Thread 0x000002a2de66a820 Exception <a 'java/lang/reflect/InvocationTargetException'{0x0000000084e01bd8}> (0x0000000084e01bd8) 
thrown [s\open\src\hotspot\share\runtime\reflection.cpp, line 1121]
Event: 6.834 Thread 0x000002a2de5a13f0 Exception <a 'java/lang/NoSuchMethodError'{0x0000000084edccb8}: 'long java.lang.invoke.DirectMethodHandle$Holder.invokeVirtual(java.lang.Object, java.lang.Object)'> (0x0000000084edccb8) 
thrown [s\open\src\hotspot\share\interpreter\linkResolver.cpp, line 759]
Event: 6.839 Thread 0x000002a2de5a13f0 Exception <a 'java/io/FileNotFoundException'{0x0000000084d14118}> (0x0000000084d14118) 
thrown [s\open\src\hotspot\share\prims\jni.cpp, line 516]
Event: 6.901 Thread 0x000002a2de5a13f0 Exception <a 'java/lang/reflect/InvocationTargetException'{0x0000000084a1b730}> (0x0000000084a1b730) 
thrown [s\open\src\hotspot\share\runtime\reflection.cpp, line 1121]
Event: 6.931 Thread 0x000002a2de5a13f0 Exception <a 'java/lang/reflect/InvocationTargetException'{0x000000008483ba90}> (0x000000008483ba90) 
thrown [s\open\src\hotspot\share\runtime\reflection.cpp, line 1121]
Event: 6.980 Thread 0x000002a2de5a13f0 Exception <a 'sun/nio/fs/WindowsException'{0x00000000845ef9e8}> (0x00000000845ef9e8) 
thrown [s\open\src\hotspot\share\prims\jni.cpp, line 516]
Event: 7.312 Thread 0x000002a2de66a820 Exception <a 'java/lang/reflect/InvocationTargetException'{0x0000000084ff87d0}> (0x0000000084ff87d0) 
thrown [s\open\src\hotspot\share\runtime\reflection.cpp, line 1121]
Event: 7.348 Thread 0x000002a2de5a13f0 Exception <a 'sun/nio/fs/WindowsException'{0x0000000084c0d6f0}> (0x0000000084c0d6f0) 
thrown [s\open\src\hotspot\share\prims\jni.cpp, line 516]
Event: 7.409 Thread 0x000002a2de5a13f0 Exception <a 'java/lang/IncompatibleClassChangeError'{0x00000000848dbf30}: Found class java.lang.Object, but interface was expected> (0x00000000848dbf30) 
thrown [s\open\src\hotspot\share\interpreter\linkResolver.cpp, line 826]
Event: 7.616 Thread 0x000002a2de5a13f0 Exception <a 'java/lang/NoSuchMethodError'{0x00000000857bb480}: 'void java.lang.invoke.DirectMethodHandle$Holder.invokeVirtual(java.lang.Object, java.lang.Object, long)'> (0x00000000857bb480) 
thrown [s\open\src\hotspot\share\interpreter\linkResolver.cpp, line 759]
Event: 7.695 Thread 0x000002a2de5a13f0 Exception <a 'java/lang/NoSuchMethodError'{0x00000000852a2810}: 'int java.lang.invoke.DirectMethodHandle$Holder.invokeStaticInit(java.lang.Object, java.lang.Object, java.lang.Object, java.lang.Object)'> (0x00000000852a2810) 
thrown [s\open\src\hotspot\share\interpreter\linkResolver.cpp, line 759]
Event: 7.757 Thread 0x000002a2de5a13f0 Exception <a 'java/lang/IncompatibleClassChangeError'{0x0000000084ff4e70}: Found class java.lang.Object, but interface was expected> (0x0000000084ff4e70) 
thrown [s\open\src\hotspot\share\interpreter\linkResolver.cpp, line 826]
Event: 7.897 Thread 0x000002a2de5a13f0 Exception <a 'java/lang/NoSuchMethodError'{0x00000000847e22f8}: 'java.lang.Object java.lang.invoke.DirectMethodHandle$Holder.newInvokeSpecial(java.lang.Object, java.lang.Object, int, java.lang.Object, java.lang.Object)'> (0x00000000847e22f8) 
thrown [s\open\src\hotspot\share\interpreter\linkResolver.cpp, line 759]

VM Operations (20 events):
Event: 57.826 Executing VM operation: Cleanup done
Event: 60.204 Executing VM operation: HandshakeAllThreads
Event: 60.204 Executing VM operation: HandshakeAllThreads done
Event: 71.240 Executing VM operation: Cleanup
Event: 71.240 Executing VM operation: Cleanup done
Event: 97.487 Executing VM operation: Cleanup
Event: 97.488 Executing VM operation: Cleanup done
Event: 9780.406 Executing VM operation: HandshakeAllThreads
Event: 9780.406 Executing VM operation: HandshakeAllThreads done
Event: 9780.406 Executing VM operation: Cleanup
Event: 9780.406 Executing VM operation: Cleanup done
Event: 9790.474 Executing VM operation: Cleanup
Event: 9790.474 Executing VM operation: Cleanup done
Event: 9793.496 Executing VM operation: Cleanup
Event: 9793.496 Executing VM operation: Cleanup done
Event: 9804.601 Executing VM operation: Cleanup
Event: 9804.601 Executing VM operation: Cleanup done
Event: 9970.013 Executing VM operation: Cleanup
Event: 9970.013 Executing VM operation: Cleanup done
Event: 10004.319 Executing VM operation: G1CollectForAllocation

Events (20 events):
Event: 9793.062 Thread 0x000002a2e000fbc0 Thread added: 0x000002a2e000fbc0
Event: 9793.062 Thread 0x000002a2e0011510 Thread added: 0x000002a2e0011510
Event: 9793.095 loading class java/security/InvalidKeyException
Event: 9793.095 loading class java/security/KeyException
Event: 9793.098 loading class java/security/KeyException done
Event: 9793.098 loading class java/security/InvalidKeyException done
Event: 9793.098 loading class java/security/SignatureException
Event: 9793.098 loading class java/security/SignatureException done
Event: 9793.098 loading class javax/crypto/NoSuchPaddingException
Event: 9793.098 loading class javax/crypto/NoSuchPaddingException done
Event: 9793.098 loading class javax/crypto/IllegalBlockSizeException
Event: 9793.098 loading class javax/crypto/IllegalBlockSizeException done
Event: 9793.098 loading class javax/crypto/BadPaddingException
Event: 9793.098 loading class javax/crypto/BadPaddingException done
Event: 9793.098 loading class java/security/spec/InvalidKeySpecException
Event: 9793.098 loading class java/security/spec/InvalidKeySpecException done
Event: 9793.099 loading class javax/net/ssl/SSLSocket
Event: 9793.099 loading class javax/net/ssl/SSLSocket done
Event: 9798.122 Thread 0x000002a2e000fbc0 Thread exited: 0x000002a2e000fbc0
Event: 9798.293 Thread 0x000002a2e0011510 Thread exited: 0x000002a2e0011510


Dynamic libraries:
0x00007ff72f140000 - 0x00007ff72f150000 	C:\Program Files\Java\jdk-17\bin\javaw.exe
0x00007ffed1390000 - 0x00007ffed1588000 	C:\Windows\SYSTEM32\ntdll.dll
0x00007ffed10f0000 - 0x00007ffed11b1000 	C:\Windows\System32\KERNEL32.DLL
0x00007ffecef00000 - 0x00007ffecf1f6000 	C:\Windows\System32\KERNELBASE.dll
0x00007ffecee00000 - 0x00007ffecef00000 	C:\Windows\System32\ucrtbase.dll
0x00007ffec7e70000 - 0x00007ffec7e89000 	C:\Program Files\Java\jdk-17\bin\jli.dll
0x00007ffecf830000 - 0x00007ffecf8e0000 	C:\Windows\System32\ADVAPI32.dll
0x00007ffed0690000 - 0x00007ffed072e000 	C:\Windows\System32\msvcrt.dll
0x00007ffed1040000 - 0x00007ffed10e0000 	C:\Windows\System32\sechost.dll
0x00007ffed11c0000 - 0x00007ffed12e3000 	C:\Windows\System32\RPCRT4.dll
0x00007ffeceb50000 - 0x00007ffeceb77000 	C:\Windows\System32\bcrypt.dll
0x00007ffed0810000 - 0x00007ffed09af000 	C:\Windows\System32\USER32.dll
0x00007ffecf300000 - 0x00007ffecf322000 	C:\Windows\System32\win32u.dll
0x00007ffecf470000 - 0x00007ffecf49b000 	C:\Windows\System32\GDI32.dll
0x00007ffecece0000 - 0x00007ffecedf7000 	C:\Windows\System32\gdi32full.dll
0x00007ffecea40000 - 0x00007ffeceadd000 	C:\Windows\System32\msvcp_win.dll
0x00007ffeaf940000 - 0x00007ffeaf95b000 	C:\Program Files\Java\jdk-17\bin\VCRUNTIME140.dll
0x00007ffeb55c0000 - 0x00007ffeb585a000 	C:\Windows\WinSxS\amd64_microsoft.windows.common-controls_6595b64144ccf1df_6.0.19041.4355_none_60b8b9eb71f62e16\COMCTL32.dll
0x00007ffec3de0000 - 0x00007ffec3dea000 	C:\Windows\SYSTEM32\VERSION.dll
0x00007ffecf630000 - 0x00007ffecf65f000 	C:\Windows\System32\IMM32.DLL
0x00007ffec7e60000 - 0x00007ffec7e6c000 	C:\Program Files\Java\jdk-17\bin\vcruntime140_1.dll
0x00007ffea1900000 - 0x00007ffea198e000 	C:\Program Files\Java\jdk-17\bin\msvcp140.dll
0x00007ffe663a0000 - 0x00007ffe66f80000 	C:\Program Files\Java\jdk-17\bin\server\jvm.dll
0x00007ffed10e0000 - 0x00007ffed10e8000 	C:\Windows\System32\PSAPI.DLL
0x00007ffeb03d0000 - 0x00007ffeb03d9000 	C:\Windows\SYSTEM32\WSOCK32.dll
0x00007ffed0b60000 - 0x00007ffed0bcb000 	C:\Windows\System32\WS2_32.dll
0x00007ffebdd80000 - 0x00007ffebdda7000 	C:\Windows\SYSTEM32\WINMM.dll
0x00007ffecd250000 - 0x00007ffecd262000 	C:\Windows\SYSTEM32\kernel.appcore.dll
0x00007ffeb3240000 - 0x00007ffeb324a000 	C:\Program Files\Java\jdk-17\bin\jimage.dll
0x00007ffec6960000 - 0x00007ffec6b44000 	C:\Windows\SYSTEM32\DBGHELP.DLL
0x00007ffec6920000 - 0x00007ffec6954000 	C:\Windows\SYSTEM32\dbgcore.DLL
0x00007ffecf330000 - 0x00007ffecf3b2000 	C:\Windows\System32\bcryptPrimitives.dll
0x00007ffeaf910000 - 0x00007ffeaf935000 	C:\Program Files\Java\jdk-17\bin\java.dll
0x00007ffe9d7c0000 - 0x00007ffe9d897000 	C:\Program Files\Java\jdk-17\bin\jsvml.dll
0x00007ffecfd40000 - 0x00007ffed04ac000 	C:\Windows\System32\SHELL32.dll
0x00007ffeccaa0000 - 0x00007ffecd23e000 	C:\Windows\SYSTEM32\windows.storage.dll
0x00007ffecf940000 - 0x00007ffecfc93000 	C:\Windows\System32\combase.dll
0x00007ffece390000 - 0x00007ffece3be000 	C:\Windows\SYSTEM32\Wldp.dll
0x00007ffed0510000 - 0x00007ffed05dd000 	C:\Windows\System32\OLEAUT32.dll
0x00007ffed05e0000 - 0x00007ffed068d000 	C:\Windows\System32\SHCORE.dll
0x00007ffecf4a0000 - 0x00007ffecf4f5000 	C:\Windows\System32\shlwapi.dll
0x00007ffece970000 - 0x00007ffece994000 	C:\Windows\SYSTEM32\profapi.dll
0x00007ffea8160000 - 0x00007ffea8179000 	C:\Program Files\Java\jdk-17\bin\net.dll
0x00007ffec4810000 - 0x00007ffec491a000 	C:\Windows\SYSTEM32\WINHTTP.dll
0x00007ffece0f0000 - 0x00007ffece15a000 	C:\Windows\system32\mswsock.dll
0x00007ffea7a60000 - 0x00007ffea7a76000 	C:\Program Files\Java\jdk-17\bin\nio.dll
0x00007ffea7a40000 - 0x00007ffea7a58000 	C:\Program Files\Java\jdk-17\bin\zip.dll
0x00007ffeb3210000 - 0x00007ffeb321a000 	C:\Program Files\Java\jdk-17\bin\management.dll
0x00007ffeb0880000 - 0x00007ffeb088b000 	C:\Program Files\Java\jdk-17\bin\management_ext.dll
0x00007ffec5320000 - 0x00007ffec5337000 	C:\Windows\system32\napinsp.dll
0x00007ffec56c0000 - 0x00007ffec56db000 	C:\Windows\system32\pnrpnsp.dll
0x00007ffec9610000 - 0x00007ffec9625000 	C:\Windows\system32\wshbth.dll
0x00007ffec7060000 - 0x00007ffec707d000 	C:\Windows\system32\NLAapi.dll
0x00007ffecddd0000 - 0x00007ffecde0b000 	C:\Windows\SYSTEM32\IPHLPAPI.DLL
0x00007ffecde10000 - 0x00007ffecdeda000 	C:\Windows\SYSTEM32\DNSAPI.dll
0x00007ffecf780000 - 0x00007ffecf788000 	C:\Windows\System32\NSI.dll
0x00007ffec56a0000 - 0x00007ffec56b2000 	C:\Windows\System32\winrnr.dll
0x00007ffec59c0000 - 0x00007ffec59ca000 	C:\Windows\System32\rasadhlp.dll
0x00007ffec3690000 - 0x00007ffec3710000 	C:\Windows\System32\fwpuclnt.dll
0x00007ffece2f0000 - 0x00007ffece308000 	C:\Windows\SYSTEM32\CRYPTSP.dll
0x00007ffecda10000 - 0x00007ffecda44000 	C:\Windows\system32\rsaenh.dll
0x00007ffece920000 - 0x00007ffece94e000 	C:\Windows\SYSTEM32\USERENV.dll
0x00007ffece2e0000 - 0x00007ffece2ec000 	C:\Windows\SYSTEM32\CRYPTBASE.dll
0x00007ffec58c0000 - 0x00007ffec58d7000 	C:\Windows\SYSTEM32\dhcpcsvc6.DLL
0x00007ffec62b0000 - 0x00007ffec62cd000 	C:\Windows\SYSTEM32\dhcpcsvc.DLL
0x00007ffeb07f0000 - 0x00007ffeb07fe000 	C:\Program Files\Java\jdk-17\bin\sunmscapi.dll
0x00007ffeceb80000 - 0x00007ffececde000 	C:\Windows\System32\CRYPT32.dll
0x00007ffece400000 - 0x00007ffece429000 	C:\Windows\SYSTEM32\ncrypt.dll
0x00007ffece3c0000 - 0x00007ffece3fb000 	C:\Windows\SYSTEM32\NTASN1.dll
0x00007ffeb05c0000 - 0x00007ffeb05d0000 	C:\Program Files\Java\jdk-17\bin\verify.dll
0x00007ffec7e30000 - 0x00007ffec7e37000 	C:\Windows\system32\wshunix.dll

dbghelp: loaded successfully - version: 4.0.5 - missing functions: none
symbol engine: initialized successfully - sym options: 0x614 - pdb path: .;C:\Program Files\Java\jdk-17\bin;C:\Windows\SYSTEM32;C:\Windows\WinSxS\amd64_microsoft.windows.common-controls_6595b64144ccf1df_6.0.19041.4355_none_60b8b9eb71f62e16;C:\Program Files\Java\jdk-17\bin\server

VM Arguments:
jvm_args: -Dcom.sun.management.jmxremote -Dcom.sun.management.jmxremote.port=52453 -Dcom.sun.management.jmxremote.authenticate=false -Dcom.sun.management.jmxremote.ssl=false -Djava.rmi.server.hostname=localhost -Dspring.jmx.enabled=true -Dmanagement.endpoints.jmx.exposure.include=* -Dspring.application.admin.enabled=true -XX:TieredStopAtLevel=1 -Dspring.boot.project.name=SchoolManagementSystem -Dfile.encoding=UTF-8 -Dstdout.encoding=UTF-8 -Dstderr.encoding=UTF-8 -XX:+ShowCodeDetailsInExceptionMessages 
java_command: com.School.SchoolManagementSystemApplication --spring.output.ansi.enabled=always
java_class_path (initial): D:\Back-end\SchoolManagementSystem-main\SchoolManagementSystem-main\target\classes;C:\Users\Neural_Bridge_Ai_J\.m2\repository\org\springframework\boot\spring-boot-starter-data-jpa\3.2.7\spring-boot-starter-data-jpa-3.2.7.jar;C:\Users\Neural_Bridge_Ai_J\.m2\repository\org\springframework\boot\spring-boot-starter-aop\3.2.7\spring-boot-starter-aop-3.2.7.jar;C:\Users\Neural_Bridge_Ai_J\.m2\repository\org\aspectj\aspectjweaver\1.9.22\aspectjweaver-1.9.22.jar;C:\Users\Neural_Bridge_Ai_J\.m2\repository\org\springframework\boot\spring-boot-starter-jdbc\3.2.7\spring-boot-starter-jdbc-3.2.7.jar;C:\Users\Neural_Bridge_Ai_J\.m2\repository\com\zaxxer\HikariCP\5.0.1\HikariCP-5.0.1.jar;C:\Users\Neural_Bridge_Ai_J\.m2\repository\org\springframework\spring-jdbc\6.1.10\spring-jdbc-6.1.10.jar;C:\Users\Neural_Bridge_Ai_J\.m2\repository\org\hibernate\orm\hibernate-core\6.4.9.Final\hibernate-core-6.4.9.Final.jar;C:\Users\Neural_Bridge_Ai_J\.m2\repository\jakarta\persistence\jakarta.persistence-api\3.1.0\jakarta.persistence-api-3.1.0.jar;C:\Users\Neural_Bridge_Ai_J\.m2\repository\jakarta\transaction\jakarta.transaction-api\2.0.1\jakarta.transaction-api-2.0.1.jar;C:\Users\Neural_Bridge_Ai_J\.m2\repository\org\jboss\logging\jboss-logging\3.5.3.Final\jboss-logging-3.5.3.Final.jar;C:\Users\Neural_Bridge_Ai_J\.m2\repository\org\hibernate\common\hibernate-commons-annotations\6.0.6.Final\hibernate-commons-annotations-6.0.6.Final.jar;C:\Users\Neural_Bridge_Ai_J\.m2\repository\io\smallrye\jandex\3.1.2\jandex-3.1.2.jar;C:\Users\Neural_Bridge_Ai_J\.m2\repository\com\fasterxml\classmate\1.6.0\classmate-1.6.0.jar;C:\Users\Neural_Bridge_Ai_J\.m2\repository\net\bytebuddy\byte-buddy\1.14.17\byte-buddy-1.14.17.jar;C:\Users\Neural_Bridge_Ai_J\.m2\repository\org\glassfish\jaxb\jaxb-runtime\4.0.5\jaxb-runtime-4.0.5.jar;C:\Users\Neural_Bridge_Ai_J\.m2\repository\org\glassfish\jaxb\jaxb-core\4.0.5\jaxb-core-4.0.5.jar;C:\Users\Neural_Bridge_Ai_J\.m2\repository\org\eclipse\angus\angu
Launcher Type: SUN_STANDARD

[Global flags]
     intx CICompilerCount                          = 3                                         {product} {ergonomic}
     uint ConcGCThreads                            = 1                                         {product} {ergonomic}
     uint G1ConcRefinementThreads                  = 4                                         {product} {ergonomic}
   size_t G1HeapRegionSize                         = 1048576                                   {product} {ergonomic}
    uintx GCDrainStackTargetSize                   = 64                                        {product} {ergonomic}
   size_t InitialHeapSize                          = 134217728                                 {product} {ergonomic}
     bool ManagementServer                         = true                                      {product} {command line}
   size_t MarkStackSize                            = 4194304                                   {product} {ergonomic}
   size_t MaxHeapSize                              = 2120220672                                {product} {ergonomic}
   size_t MaxNewSize                               = 1271922688                                {product} {ergonomic}
   size_t MinHeapDeltaBytes                        = 1048576                                   {product} {ergonomic}
   size_t MinHeapSize                              = 8388608                                   {product} {ergonomic}
    uintx NonProfiledCodeHeapSize                  = 0                                      {pd product} {ergonomic}
     bool ProfileInterpreter                       = false                                  {pd product} {command line}
    uintx ProfiledCodeHeapSize                     = 0                                      {pd product} {ergonomic}
     bool ShowCodeDetailsInExceptionMessages       = true                                   {manageable} {command line}
   size_t SoftMaxHeapSize                          = 2120220672                             {manageable} {ergonomic}
     intx TieredStopAtLevel                        = 1                                         {product} {command line}
     bool UseCompressedClassPointers               = true                           {product lp64_product} {ergonomic}
     bool UseCompressedOops                        = true                           {product lp64_product} {ergonomic}
     bool UseG1GC                                  = true                                      {product} {ergonomic}
     bool UseLargePagesIndividualAllocation        = false                                  {pd product} {ergonomic}

Logging:
Log output configuration:
 #0: stdout all=warning uptime,level,tags
 #1: stderr all=off uptime,level,tags

Environment Variables:
JAVA_HOME=C:\Program Files\Java\jdk-17
PATH=D:/Back-end/sts-4.24.0.RELEASE//plugins/org.eclipse.justj.openjdk.hotspot.jre.full.win32.x86_64_21.0.3.v20240426-1530/jre/bin/server;D:/Back-end/sts-4.24.0.RELEASE//plugins/org.eclipse.justj.openjdk.hotspot.jre.full.win32.x86_64_21.0.3.v20240426-1530/jre/bin;C:\Program Files\Common Files\Oracle\Java\javapath;C:\Program Files (x86)\Common Files\Oracle\Java\java8path;C:\Program Files (x86)\Common Files\Oracle\Java\javapath;C:\Windows\system32;C:\Windows;C:\Windows\System32\Wbem;C:\Windows\System32\WindowsPowerShell\v1.0\;C:\Windows\System32\OpenSSH\;D:\ofbiz\Software\gradle-5.0-all\gradle-5.0\bin;C:\Program Files\Java\jdk-17\bin;C:\Program Files\PowerShell\7\;C:\Program Files\nodejs\;C:\Program Files\MySQL\MySQL Shell 8.0\bin\;C:\Users\Neural_Bridge_Ai_J\AppData\Local\Microsoft\WindowsApps;;C:\Users\Neural_Bridge_Ai_J\AppData\Local\JetBrains\IntelliJ IDEA Community Edition 2024.1.4\bin;;C:\Users\Neural_Bridge_Ai_J\AppData\Local\Programs\Microsoft VS Code\bin;C:\Users\Neural_Bridge_Ai_J\AppData\Roaming\npm;D:\Back-end\sts-4.24.0.RELEASE;
USERNAME=Neural_Bridge_Ai_J
OS=Windows_NT
PROCESSOR_IDENTIFIER=Intel64 Family 6 Model 61 Stepping 4, GenuineIntel



---------------  S Y S T E M  ---------------

OS:
 Windows 10 , 64 bit Build 19041 (10.0.19041.4597)
OS uptime: 3 days 16:41 hours

CPU: total 4 (initial active 4) (2 cores per cpu, 2 threads per core) family 6 model 61 stepping 4 microcode 0x2d, cx8, cmov, fxsr, ht, mmx, 3dnowpref, sse, sse2, sse3, ssse3, sse4.1, sse4.2, popcnt, lzcnt, tsc, tscinvbit, avx, avx2, aes, erms, clmul, bmi1, bmi2, rtm, adx, fma, vzeroupper, clflush

Memory: 4k page, system-wide physical 8087M (1499M free)
TotalPageFile size 11029M (AvailPageFile size 2031M)
current process WorkingSet (physical memory assigned to process): 205M, peak: 205M
current process commit charge ("private bytes"): 239M, peak: 239M

vm_info: Java HotSpot(TM) 64-Bit Server VM (17.0.12+8-LTS-286) for windows-amd64 JRE (17.0.12+8-LTS-286), built on Jun  5 2024 06:46:59 by "mach5one" with MS VC++ 17.6 (VS2022)

END.
